<?xml version="1.0" encoding="UTF-8"?>
<testng-results ignored="0" total="1" passed="0" failed="1" skipped="0">
  <reporter-output>
  </reporter-output>
  <suite started-at="2018-05-30T02:02:16Z" name="Default suite" finished-at="2018-05-30T02:02:50Z" duration-ms="33501">
    <groups>
      <group name="IMGUR_TEST">
        <method signature="ImgurTest.tc001_imgur_test(java.lang.String, java.lang.String, org.json.simple.JSONObject)[pri:1, instance:selen.one.framework.utils.ImgurTest@757acd7b]" name="tc001_imgur_test" class="selen.one.framework.utils.ImgurTest"/>
      </group> <!-- IMGUR_TEST -->
    </groups>
    <test started-at="2018-05-30T02:02:16Z" name="Default test" finished-at="2018-05-30T02:02:50Z" duration-ms="33501">
      <class name="selen.one.framework.utils.ImgurTest">
        <test-method is-config="true" signature="suiteSetup(java.lang.String, org.testng.ITestContext)[pri:0, instance:selen.one.framework.utils.ImgurTest@757acd7b]" started-at="2018-05-30T02:02:16Z" name="suiteSetup" finished-at="2018-05-30T02:02:16Z" duration-ms="12" status="PASS">
          <params>
            <param index="0">
              <value>
                <![CDATA[local]]>
              </value>
            </param>
            <param index="1">
              <value>
                <![CDATA[org.testng.TestRunner@40298285]]>
              </value>
            </param>
          </params>
          <reporter-output>
          </reporter-output>
        </test-method> <!-- suiteSetup -->
        <test-method is-config="true" signature="setupTest(java.lang.String, java.lang.String, java.lang.String, java.lang.String, org.testng.ITestContext)[pri:0, instance:selen.one.framework.utils.ImgurTest@757acd7b]" started-at="2018-05-30T02:02:16Z" name="setupTest" finished-at="2018-05-30T02:02:17Z" duration-ms="1303" status="PASS">
          <params>
            <param index="0">
              <value>
                <![CDATA[chrome]]>
              </value>
            </param>
            <param index="1">
              <value>
                <![CDATA[mac]]>
              </value>
            </param>
            <param index="2">
              <value is-null="true"/>
            </param>
            <param index="3">
              <value is-null="true"/>
            </param>
            <param index="4">
              <value>
                <![CDATA[org.testng.TestRunner@40298285]]>
              </value>
            </param>
          </params>
          <reporter-output>
          </reporter-output>
        </test-method> <!-- setupTest -->
        <test-method is-config="true" signature="testClassSetup(org.testng.ITestContext)[pri:0, instance:selen.one.framework.utils.ImgurTest@757acd7b]" started-at="2018-05-30T02:02:17Z" name="testClassSetup" finished-at="2018-05-30T02:02:29Z" duration-ms="11402" status="PASS">
          <params>
            <param index="0">
              <value>
                <![CDATA[org.testng.TestRunner@40298285]]>
              </value>
            </param>
          </params>
          <reporter-output>
          </reporter-output>
        </test-method> <!-- testClassSetup -->
        <test-method is-config="true" signature="testMethodSetup(org.testng.ITestResult)[pri:0, instance:selen.one.framework.utils.ImgurTest@757acd7b]" started-at="2018-05-30T02:02:29Z" name="testMethodSetup" finished-at="2018-05-30T02:02:29Z" duration-ms="0" status="PASS">
          <params>
            <param index="0">
              <value>
                <![CDATA[[TestResult name=tc001_imgur_test status=FAILURE method=ImgurTest.tc001_imgur_test(java.lang.String, java.lang.String, org.json.simple.JSONObject)[pri:1, instance:selen.one.framework.utils.ImgurTest@757acd7b] output={null}]]]>
              </value>
            </param>
          </params>
          <reporter-output>
          </reporter-output>
        </test-method> <!-- testMethodSetup -->
        <test-method signature="tc001_imgur_test(java.lang.String, java.lang.String, org.json.simple.JSONObject)[pri:1, instance:selen.one.framework.utils.ImgurTest@757acd7b]" started-at="2018-05-30T02:02:29Z" name="tc001_imgur_test" data-provider="dataFromJSON" finished-at="2018-05-30T02:02:49Z" duration-ms="20655" status="FAIL">
          <params>
            <param index="0">
              <value>
                <![CDATA[tc001_imgur_test.01]]>
              </value>
            </param>
            <param index="1">
              <value>
                <![CDATA[Imgur test]]>
              </value>
            </param>
            <param index="2">
              <value>
                <![CDATA[{"password":"1234er56ig","description":"Imgur test","page":"Log In","rowID":"tc001_imgur_test.01","username":"fg78nc@gmail.com"}]]>
              </value>
            </param>
          </params>
          <exception class="org.openqa.selenium.TimeoutException">
            <message>
              <![CDATA[Expected condition failed: waiting for condition (element to be clickable: Proxy element for: DefaultElementLocator 'By.cssSelector: #secondary-nav > ul > li.signin-link > a') to be refreshed (tried for 10 second(s) with 500 milliseconds interval)]]>
            </message>
            <full-stacktrace>
              <![CDATA[org.openqa.selenium.TimeoutException: Expected condition failed: waiting for condition (element to be clickable: Proxy element for: DefaultElementLocator 'By.cssSelector: #secondary-nav > ul > li.signin-link > a') to be refreshed (tried for 10 second(s) with 500 milliseconds interval)
at org.openqa.selenium.support.ui.WebDriverWait.timeoutException(WebDriverWait.java:81)
at org.openqa.selenium.support.ui.FluentWait.until(FluentWait.java:271)
at selen.one.framework.utils.BrowserCommands.waitUntilElementIsClickable(BrowserCommands.java:25)
at selen.one.framework.po.ImgGurIndexPO.signIn(ImgGurIndexPO.java:59)
at selen.one.framework.utils.ImgurTest.tc001_imgur_test(ImgurTest.java:108)
at java.base/jdk.internal.reflect.NativeMethodAccessorImpl.invoke0(Native Method)
at java.base/jdk.internal.reflect.NativeMethodAccessorImpl.invoke(NativeMethodAccessorImpl.java:62)
at java.base/jdk.internal.reflect.DelegatingMethodAccessorImpl.invoke(DelegatingMethodAccessorImpl.java:43)
at java.base/java.lang.reflect.Method.invoke(Method.java:564)
at org.testng.internal.MethodInvocationHelper.invokeMethod(MethodInvocationHelper.java:124)
at org.testng.internal.Invoker.invokeMethod(Invoker.java:583)
at org.testng.internal.Invoker.invokeTestMethod(Invoker.java:719)
at org.testng.internal.Invoker.invokeTestMethods(Invoker.java:989)
at org.testng.internal.TestMethodWorker.invokeTestMethods(TestMethodWorker.java:125)
at org.testng.internal.TestMethodWorker.run(TestMethodWorker.java:109)
at org.testng.TestRunner.privateRun(TestRunner.java:648)
at org.testng.TestRunner.run(TestRunner.java:505)
at org.testng.SuiteRunner.runTest(SuiteRunner.java:455)
at org.testng.SuiteRunner.runSequentially(SuiteRunner.java:450)
at org.testng.SuiteRunner.privateRun(SuiteRunner.java:415)
at org.testng.SuiteRunner.run(SuiteRunner.java:364)
at org.testng.SuiteRunnerWorker.runSuite(SuiteRunnerWorker.java:52)
at org.testng.SuiteRunnerWorker.run(SuiteRunnerWorker.java:84)
at org.testng.TestNG.runSuitesSequentially(TestNG.java:1208)
at org.testng.TestNG.runSuitesLocally(TestNG.java:1137)
at org.testng.TestNG.runSuites(TestNG.java:1049)
at org.testng.TestNG.run(TestNG.java:1017)
at org.testng.remote.AbstractRemoteTestNG.run(AbstractRemoteTestNG.java:114)
at org.testng.remote.RemoteTestNG.initAndRun(RemoteTestNG.java:251)
at org.testng.remote.RemoteTestNG.main(RemoteTestNG.java:77)
Caused by: org.openqa.selenium.NoSuchElementException: no such element: Unable to locate element: {"method":"css selector","selector":"#secondary-nav > ul > li.signin-link > a"}
  (Session info: chrome=66.0.3359.181)
  (Driver info: chromedriver=2.38.552518 (183d19265345f54ce39cbb94cf81ba5f15905011),platform=Mac OS X 10.13.4 x86_64) (WARNING: The server did not provide any stacktrace information)
Command duration or timeout: 0 milliseconds
For documentation on this error, please visit: http://seleniumhq.org/exceptions/no_such_element.html
Build info: version: '3.12.0', revision: '7c6e0b3', time: '2018-05-08T14:04:26.12Z'
System info: host: 'Users-MacBook-Pro.local', ip: '2601:cb:8200:3ff0:0:0:0:6%en0', os.name: 'Mac OS X', os.arch: 'x86_64', os.version: '10.13.4', java.version: '10.0.1'
Driver info: org.openqa.selenium.chrome.ChromeDriver
Capabilities {acceptInsecureCerts: false, acceptSslCerts: false, applicationCacheEnabled: false, browserConnectionEnabled: false, browserName: chrome, chrome: {chromedriverVersion: 2.38.552518 (183d19265345f5..., userDataDir: /var/folders/yf/pcpq4ltx0px...}, cssSelectorsEnabled: true, databaseEnabled: false, handlesAlerts: true, hasTouchScreen: false, javascriptEnabled: true, locationContextEnabled: true, mobileEmulationEnabled: false, nativeEvents: true, networkConnectionEnabled: false, pageLoadStrategy: normal, platform: MAC, platformName: MAC, rotatable: false, setWindowRect: true, takesHeapSnapshot: true, takesScreenshot: true, unexpectedAlertBehaviour: , unhandledPromptBehavior: , version: 66.0.3359.181, webStorageEnabled: true}
Session ID: b14b720f5d60843e06220a0d70372613
*** Element info: {Using=css selector, value=#secondary-nav > ul > li.signin-link > a}
at jdk.internal.reflect.GeneratedConstructorAccessor11.newInstance(Unknown Source)
at java.base/jdk.internal.reflect.DelegatingConstructorAccessorImpl.newInstance(DelegatingConstructorAccessorImpl.java:45)
at java.base/java.lang.reflect.Constructor.newInstance(Constructor.java:488)
at org.openqa.selenium.remote.ErrorHandler.createThrowable(ErrorHandler.java:214)
at org.openqa.selenium.remote.ErrorHandler.throwIfResponseFailed(ErrorHandler.java:166)
at org.openqa.selenium.remote.http.JsonHttpResponseCodec.reconstructValue(JsonHttpResponseCodec.java:40)
at org.openqa.selenium.remote.http.AbstractHttpResponseCodec.decode(AbstractHttpResponseCodec.java:80)
at org.openqa.selenium.remote.http.AbstractHttpResponseCodec.decode(AbstractHttpResponseCodec.java:44)
at org.openqa.selenium.remote.HttpCommandExecutor.execute(HttpCommandExecutor.java:158)
at org.openqa.selenium.remote.service.DriverCommandExecutor.execute(DriverCommandExecutor.java:83)
at org.openqa.selenium.remote.RemoteWebDriver.execute(RemoteWebDriver.java:543)
at org.openqa.selenium.remote.RemoteWebDriver.findElement(RemoteWebDriver.java:317)
at org.openqa.selenium.remote.RemoteWebDriver.findElementByCssSelector(RemoteWebDriver.java:411)
at org.openqa.selenium.By$ByCssSelector.findElement(By.java:431)
at org.openqa.selenium.remote.RemoteWebDriver.findElement(RemoteWebDriver.java:309)
at org.openqa.selenium.support.pagefactory.DefaultElementLocator.findElement(DefaultElementLocator.java:69)
at org.openqa.selenium.support.pagefactory.internal.LocatingElementHandler.invoke(LocatingElementHandler.java:38)
at com.sun.proxy.$Proxy22.isDisplayed(Unknown Source)
at org.openqa.selenium.support.ui.ExpectedConditions.elementIfVisible(ExpectedConditions.java:315)
at org.openqa.selenium.support.ui.ExpectedConditions.access$100(ExpectedConditions.java:44)
at org.openqa.selenium.support.ui.ExpectedConditions$10.apply(ExpectedConditions.java:301)
at org.openqa.selenium.support.ui.ExpectedConditions$10.apply(ExpectedConditions.java:298)
at org.openqa.selenium.support.ui.ExpectedConditions$23.apply(ExpectedConditions.java:686)
at org.openqa.selenium.support.ui.ExpectedConditions$23.apply(ExpectedConditions.java:682)
at org.openqa.selenium.support.ui.ExpectedConditions$25.apply(ExpectedConditions.java:747)
at org.openqa.selenium.support.ui.ExpectedConditions$25.apply(ExpectedConditions.java:743)
at org.openqa.selenium.support.ui.FluentWait.until(FluentWait.java:248)
... 28 more
]]>
            </full-stacktrace>
          </exception> <!-- org.openqa.selenium.TimeoutException -->
          <reporter-output>
          </reporter-output>
        </test-method> <!-- tc001_imgur_test -->
        <test-method is-config="true" signature="testMethodTearDown(org.testng.ITestResult)[pri:0, instance:selen.one.framework.utils.ImgurTest@757acd7b]" started-at="2018-05-30T02:02:49Z" name="testMethodTearDown" finished-at="2018-05-30T02:02:49Z" duration-ms="5" status="PASS">
          <params>
            <param index="0">
              <value>
                <![CDATA[[TestResult name=tc001_imgur_test status=FAILURE method=ImgurTest.tc001_imgur_test(java.lang.String, java.lang.String, org.json.simple.JSONObject)[pri:1, instance:selen.one.framework.utils.ImgurTest@757acd7b] output={null}]]]>
              </value>
            </param>
          </params>
          <reporter-output>
          </reporter-output>
        </test-method> <!-- testMethodTearDown -->
        <test-method is-config="true" signature="testTeardown()[pri:0, instance:selen.one.framework.utils.ImgurTest@757acd7b]" started-at="2018-05-30T02:02:49Z" name="testTeardown" finished-at="2018-05-30T02:02:50Z" duration-ms="110" status="PASS">
          <reporter-output>
          </reporter-output>
        </test-method> <!-- testTeardown -->
      </class> <!-- selen.one.framework.utils.ImgurTest -->
    </test> <!-- Default test -->
  </suite> <!-- Default suite -->
</testng-results>
